<?xml version="1.0" encoding="UTF-8"?>
<testng-results ignored="0" total="1" passed="1" failed="0" skipped="0">
  <reporter-output>
  </reporter-output>
  <suite started-at="2026-03-09T15:46:52 IST" name="FlightBookingSuite" finished-at="2026-03-09T15:47:17 IST" duration-ms="25149">
    <groups>
    </groups>
    <test started-at="2026-03-09T15:46:52 IST" name="FlightBookingTest" finished-at="2026-03-09T15:47:17 IST" duration-ms="25149">
      <class name="tests.FlightBookingTest">
        <test-method is-config="true" signature="setUp()[pri:0, instance:tests.FlightBookingTest@d737b89]" started-at="2026-03-09T15:46:52 IST" name="setUp" finished-at="2026-03-09T15:46:56 IST" duration-ms="3709" status="PASS">
          <reporter-output>
          </reporter-output>
        </test-method> <!-- setUp -->
        <test-method signature="testFlightBooking()[pri:0, instance:tests.FlightBookingTest@d737b89]" started-at="2026-03-09T15:46:56 IST" name="testFlightBooking" finished-at="2026-03-09T15:47:17 IST" duration-ms="21074" status="PASS">
          <reporter-output>
          </reporter-output>
        </test-method> <!-- testFlightBooking -->
        <test-method is-config="true" signature="tearDown()[pri:0, instance:tests.FlightBookingTest@d737b89]" started-at="2026-03-09T15:47:17 IST" name="tearDown" finished-at="2026-03-09T15:47:17 IST" duration-ms="291" status="PASS">
          <reporter-output>
          </reporter-output>
        </test-method> <!-- tearDown -->
      </class> <!-- tests.FlightBookingTest -->
    </test> <!-- FlightBookingTest -->
  </suite> <!-- FlightBookingSuite -->
</testng-results>
