<?xml version="1.0" encoding="UTF-8"?>
<testng-results ignored="0" total="1" passed="1" failed="0" skipped="0">
  <reporter-output>
  </reporter-output>
  <suite started-at="2026-03-09T10:01:40 IST" name="FlightBookingSuite" finished-at="2026-03-09T10:02:07 IST" duration-ms="27394">
    <groups>
    </groups>
    <test started-at="2026-03-09T10:01:40 IST" name="FlightBookingTest" finished-at="2026-03-09T10:02:07 IST" duration-ms="27394">
      <class name="tests.FlightBookingTest">
        <test-method is-config="true" signature="setUp()[pri:0, instance:tests.FlightBookingTest@d737b89]" started-at="2026-03-09T10:01:40 IST" name="setUp" finished-at="2026-03-09T10:01:44 IST" duration-ms="3985" status="PASS">
          <reporter-output>
          </reporter-output>
        </test-method> <!-- setUp -->
        <test-method signature="testFlightBooking()[pri:0, instance:tests.FlightBookingTest@d737b89]" started-at="2026-03-09T10:01:44 IST" name="testFlightBooking" finished-at="2026-03-09T10:02:06 IST" duration-ms="22307" status="PASS">
          <reporter-output>
          </reporter-output>
        </test-method> <!-- testFlightBooking -->
        <test-method is-config="true" signature="tearDown()[pri:0, instance:tests.FlightBookingTest@d737b89]" started-at="2026-03-09T10:02:06 IST" name="tearDown" finished-at="2026-03-09T10:02:07 IST" duration-ms="1028" status="PASS">
          <reporter-output>
          </reporter-output>
        </test-method> <!-- tearDown -->
      </class> <!-- tests.FlightBookingTest -->
    </test> <!-- FlightBookingTest -->
  </suite> <!-- FlightBookingSuite -->
</testng-results>
