<?xml version="1.0" encoding="UTF-8"?>
<testng-results ignored="0" total="1" passed="1" failed="0" skipped="0">
  <reporter-output>
  </reporter-output>
  <suite started-at="2026-03-12T12:19:12 IST" name="FlightBookingSuite" finished-at="2026-03-12T12:19:36 IST" duration-ms="23458">
    <groups>
    </groups>
    <test started-at="2026-03-12T12:19:12 IST" name="FlightBookingTest" finished-at="2026-03-12T12:19:36 IST" duration-ms="23458">
      <class name="tests.FlightBookingTest">
        <test-method is-config="true" signature="setUp()[pri:0, instance:tests.FlightBookingTest@7f485fda]" started-at="2026-03-12T12:19:12 IST" name="setUp" finished-at="2026-03-12T12:19:14 IST" duration-ms="2041" status="PASS">
          <reporter-output>
          </reporter-output>
        </test-method> <!-- setUp -->
        <test-method signature="testFlightBooking()[pri:0, instance:tests.FlightBookingTest@7f485fda]" started-at="2026-03-12T12:19:14 IST" name="testFlightBooking" finished-at="2026-03-12T12:19:35 IST" duration-ms="21083" status="PASS">
          <reporter-output>
          </reporter-output>
        </test-method> <!-- testFlightBooking -->
        <test-method is-config="true" signature="tearDown()[pri:0, instance:tests.FlightBookingTest@7f485fda]" started-at="2026-03-12T12:19:35 IST" name="tearDown" finished-at="2026-03-12T12:19:36 IST" duration-ms="277" status="PASS">
          <reporter-output>
          </reporter-output>
        </test-method> <!-- tearDown -->
      </class> <!-- tests.FlightBookingTest -->
    </test> <!-- FlightBookingTest -->
  </suite> <!-- FlightBookingSuite -->
</testng-results>
